<?xml version="1.0" encoding="UTF-8"?>
<!-- Generated by org.testng.reporters.JUnitXMLReporter -->
<testsuite ignored="0" hostname="priyaranjan" failures="0" tests="4" name="Test" time="0.083" errors="0" timestamp="2022-07-18T16:20:26 IST">
  <testcase classname="com.mavenproject.pratices.TestMaven2Test" name="maven2test" time="0.011"/>
  <testcase classname="com.mavenproject.pratices.TestMaven2Test" name="maven3Test" time="0.002"/>
  <testcase classname="com.mavenproject.pratices.TestMavenTest" name="test3maventest" time="0.003"/>
  <testcase classname="com.mavenproject.pratices.TestMavenTest" name="testMavenTest" time="0.002"/>
</testsuite> <!-- Test -->
