<?xml version="1.0" encoding="UTF-8"?>
<testng-results ignored="0" total="2" passed="2" failed="0" skipped="0">
  <reporter-output>
  </reporter-output>
  <suite started-at="2022-07-19T17:37:40 IST" name="Default suite" finished-at="2022-07-19T17:37:40 IST" duration-ms="77">
    <groups>
    </groups>
    <test started-at="2022-07-19T17:37:40 IST" name="Default test" finished-at="2022-07-19T17:37:40 IST" duration-ms="77">
      <class name="com.mavenproject.pratices.TestMaven4">
        <test-method signature="a1()[pri:0, instance:com.mavenproject.pratices.TestMaven4@6da21078]" started-at="2022-07-19T17:37:40 IST" name="a1" finished-at="2022-07-19T17:37:40 IST" duration-ms="12" status="PASS">
          <reporter-output>
          </reporter-output>
        </test-method> <!-- a1 -->
        <test-method signature="m1()[pri:0, instance:com.mavenproject.pratices.TestMaven4@6da21078]" started-at="2022-07-19T17:37:40 IST" name="m1" finished-at="2022-07-19T17:37:40 IST" duration-ms="2" status="PASS">
          <reporter-output>
          </reporter-output>
        </test-method> <!-- m1 -->
      </class> <!-- com.mavenproject.pratices.TestMaven4 -->
    </test> <!-- Default test -->
  </suite> <!-- Default suite -->
</testng-results>
